In file included from ../lib/kerberos.cc:1:
In file included from ../lib/kerberos.h:9:
../node_modules/nan/nan.h:189:68: error: too many arguments to function call, expected at most 2, have 4
    return v8::Signature::New(v8::Isolate::GetCurrent(), receiver, argc, argv);
           ~~~~~~~~~~~~~~~~~~                                      ^~~~~~~~~~
/Users/josej/.node-gyp/6.3.1/include/node/v8.h:4798:3: note: 'New' declared here
  static Local<Signature> New(
  ^
In file included from ../lib/kerberos.cc:1:
In file included from ../lib/kerberos.h:9:
../node_modules/nan/nan.h:271:3: error: redefinition of 'NanNew'
  NanNew<v8::StringObject, v8::Handle<v8::String> >(
  ^
../node_modules/nan/nan.h:264:3: note: previous definition is here
  NanNew<v8::StringObject, v8::Local<v8::String> >(
  ^
../node_modules/nan/nan.h:289:36: error: redefinition of 'NanNew'
  NAN_INLINE v8::Local<v8::RegExp> NanNew(
                                   ^
../node_modules/nan/nan.h:283:36: note: previous definition is here
  NAN_INLINE v8::Local<v8::RegExp> NanNew(
                                   ^
../node_modules/nan/nan.h:301:36: error: redefinition of 'NanNew'
  NAN_INLINE v8::Local<v8::RegExp> NanNew(
                                   ^
../node_modules/nan/nan.h:295:36: note: previous definition is here
  NAN_INLINE v8::Local<v8::RegExp> NanNew(
                                   ^
../node_modules/nan/nan.h:481:19: error: no type named 'ExternalAsciiStringResource' in 'v8::String'; did you mean 'ExternalStringResource'?
      v8::String::ExternalAsciiStringResource *resource) {
      ~~~~~~~~~~~~^~~~~~~~~~~~~~~~~~~~~~~~~~~
                  ExternalStringResource
/Users/josej/.node-gyp/6.3.1/include/node/v8.h:2230:19: note: 'ExternalStringResource' declared here
  class V8_EXPORT ExternalStringResource
                  ^
In file included from ../lib/kerberos.cc:1:
In file included from ../lib/kerberos.h:9:
../node_modules/nan/nan.h:480:36: error: redefinition of 'NanNew'
  NAN_INLINE v8::Local<v8::String> NanNew(
                                   ^
../node_modules/nan/nan.h:475:36: note: previous definition is here
  NAN_INLINE v8::Local<v8::String> NanNew(
                                   ^
../node_modules/nan/nan.h:495:27: error: redefinition of '_NanEscapeScopeHelper'
  NAN_INLINE v8::Local<T> _NanEscapeScopeHelper(v8::Local<T> val) {
                          ^
../node_modules/nan/nan.h:490:27: note: previous definition is here
  NAN_INLINE v8::Local<T> _NanEscapeScopeHelper(v8::Handle<T> val) {
                          ^
../node_modules/nan/nan.h:511:12: error: no matching function for call to '_NanEscapeScopeHelper'
    return NanEscapeScope(NanNew(v8::Undefined(v8::Isolate::GetCurrent())));
           ^~~~~~~~~~~~~~~~~~~~~~~~~~~~~~~~~~~~~~~~~~~~~~~~~~~~~~~~~~~~~~~~
../node_modules/nan/nan.h:499:43: note: expanded from macro 'NanEscapeScope'
# define NanEscapeScope(val) scope.Escape(_NanEscapeScopeHelper(val))
                                          ^~~~~~~~~~~~~~~~~~~~~
../node_modules/nan/nan.h:495:27: note: candidate template ignored: substitution failure [with T = v8::Primitive]
  NAN_INLINE v8::Local<T> _NanEscapeScopeHelper(v8::Local<T> val) {
                          ^
../node_modules/nan/nan.h:516:12: error: no matching function for call to '_NanEscapeScopeHelper'
    return NanEscapeScope(NanNew(v8::Null(v8::Isolate::GetCurrent())));
           ^~~~~~~~~~~~~~~~~~~~~~~~~~~~~~~~~~~~~~~~~~~~~~~~~~~~~~~~~~~
../node_modules/nan/nan.h:499:43: note: expanded from macro 'NanEscapeScope'
# define NanEscapeScope(val) scope.Escape(_NanEscapeScopeHelper(val))
                                          ^~~~~~~~~~~~~~~~~~~~~
../node_modules/nan/nan.h:495:27: note: candidate template ignored: substitution failure [with T = v8::Primitive]
  NAN_INLINE v8::Local<T> _NanEscapeScopeHelper(v8::Local<T> val) {
                          ^
../node_modules/nan/nan.h:521:12: error: no matching function for call to '_NanEscapeScopeHelper'
    return NanEscapeScope(NanNew(v8::True(v8::Isolate::GetCurrent())));
           ^~~~~~~~~~~~~~~~~~~~~~~~~~~~~~~~~~~~~~~~~~~~~~~~~~~~~~~~~~~
../node_modules/nan/nan.h:499:43: note: expanded from macro 'NanEscapeScope'
# define NanEscapeScope(val) scope.Escape(_NanEscapeScopeHelper(val))
                                          ^~~~~~~~~~~~~~~~~~~~~
../node_modules/nan/nan.h:495:27: note: candidate template ignored: substitution failure [with T = v8::Boolean]
  NAN_INLINE v8::Local<T> _NanEscapeScopeHelper(v8::Local<T> val) {
                          ^
../node_modules/nan/nan.h:526:12: error: no matching function for call to '_NanEscapeScopeHelper'
    return NanEscapeScope(NanNew(v8::False(v8::Isolate::GetCurrent())));
           ^~~~~~~~~~~~~~~~~~~~~~~~~~~~~~~~~~~~~~~~~~~~~~~~~~~~~~~~~~~~
../node_modules/nan/nan.h:499:43: note: expanded from macro 'NanEscapeScope'
# define NanEscapeScope(val) scope.Escape(_NanEscapeScopeHelper(val))
                                          ^~~~~~~~~~~~~~~~~~~~~
../node_modules/nan/nan.h:495:27: note: candidate template ignored: substitution failure [with T = v8::Boolean]
  NAN_INLINE v8::Local<T> _NanEscapeScopeHelper(v8::Local<T> val) {
                          ^
../node_modules/nan/nan.h:567:20: error: no type named 'GCEpilogueCallback' in 'v8::Isolate'
      v8::Isolate::GCEpilogueCallback callback
      ~~~~~~~~~~~~~^
../node_modules/nan/nan.h:573:20: error: no type named 'GCEpilogueCallback' in 'v8::Isolate'
      v8::Isolate::GCEpilogueCallback callback) {
      ~~~~~~~~~~~~~^
../node_modules/nan/nan.h:578:20: error: no type named 'GCPrologueCallback' in 'v8::Isolate'
      v8::Isolate::GCPrologueCallback callback
      ~~~~~~~~~~~~~^
../node_modules/nan/nan.h:584:20: error: no type named 'GCPrologueCallback' in 'v8::Isolate'
      v8::Isolate::GCPrologueCallback callback) {
      ~~~~~~~~~~~~~^
../node_modules/nan/nan.h:755:13: error: no member named 'smalloc' in namespace 'node'
    , node::smalloc::FreeCallback callback
      ~~~~~~^
../node_modules/nan/nan.h:766:12: error: no matching function for call to 'New'
    return node::Buffer::New(v8::Isolate::GetCurrent(), data, size);
           ^~~~~~~~~~~~~~~~~
/Users/josej/.node-gyp/6.3.1/include/node/node_buffer.h:46:40: note: candidate function not viable: 2nd argument ('const char *') would lose const qualifier
NODE_EXTERN v8::MaybeLocal<v8::Object> New(v8::Isolate* isolate,
                                       ^
/Users/josej/.node-gyp/6.3.1/include/node/node_buffer.h:34:40: note: candidate function not viable: no known conversion from 'const char *' to 'v8::Local<v8::String>' for 2nd argument
NODE_EXTERN v8::MaybeLocal<v8::Object> New(v8::Isolate* isolate,
                                       ^
/Users/josej/.node-gyp/6.3.1/include/node/node_buffer.h:31:40: note: candidate function not viable: requires 2 arguments, but 3 were provided
NODE_EXTERN v8::MaybeLocal<v8::Object> New(v8::Isolate* isolate, size_t length);
                                       ^
/Users/josej/.node-gyp/6.3.1/include/node/node_buffer.h:39:40: note: candidate function not viable: requires 5 arguments, but 3 were provided
NODE_EXTERN v8::MaybeLocal<v8::Object> New(v8::Isolate* isolate,
                                       ^
In file included from ../lib/kerberos.cc:1:
In file included from ../lib/kerberos.h:9:
../node_modules/nan/nan.h:770:12: error: no viable conversion from returned value of type 'v8::MaybeLocal<v8::Object>' to function return type 'v8::Local<v8::Object>'
    return node::Buffer::New(v8::Isolate::GetCurrent(), size);
           ^~~~~~~~~~~~~~~~~~~~~~~~~~~~~~~~~~~~~~~~~~~~~~~~~~
/Users/josej/.node-gyp/6.3.1/include/node/v8.h:216:7: note: candidate constructor (the implicit copy constructor) not viable: no known conversion from 'v8::MaybeLocal<v8::Object>' to 'const v8::Local<v8::Object> &' for 1st argument
class Local {
      ^
/Users/josej/.node-gyp/6.3.1/include/node/v8.h:216:7: note: candidate constructor (the implicit move constructor) not viable: no known conversion from 'v8::MaybeLocal<v8::Object>' to 'v8::Local<v8::Object> &&' for 1st argument
/Users/josej/.node-gyp/6.3.1/include/node/v8.h:220:13: note: candidate template ignored: could not match 'Local' against 'MaybeLocal'
  V8_INLINE Local(Local<S> that)
            ^
In file included from ../lib/kerberos.cc:1:
In file included from ../lib/kerberos.h:9:
../node_modules/nan/nan.h:777:26: error: no member named 'Use' in namespace 'node::Buffer'
    return node::Buffer::Use(v8::Isolate::GetCurrent(), data, size);
           ~~~~~~~~~~~~~~^
fatal error: too many errors emitted, stopping now [-ferror-limit=]
20 errors generated.
make: *** [Release/obj.target/kerberos/lib/kerberos.o] Error 1
gyp ERR! build error 
gyp ERR! stack Error: `make` failed with exit code: 2
gyp ERR! stack     at ChildProcess.onExit (/usr/local/lib/node_modules/npm/node_modules/node-gyp/lib/build.js:276:23)
gyp ERR! stack     at emitTwo (events.js:106:13)
gyp ERR! stack     at ChildProcess.emit (events.js:191:7)
gyp ERR! stack     at Process.ChildProcess._handle.onexit (internal/child_process.js:204:12)
gyp ERR! System Darwin 17.3.0
gyp ERR! command "/usr/local/bin/node" "/usr/local/lib/node_modules/npm/node_modules/node-gyp/bin/node-gyp.js" "rebuild"
gyp ERR! cwd /Users/josej/OpenShiftCustom/memberportal2/node_modules/sails-mongo/node_modules/kerberos
gyp ERR! node -v v6.3.1
gyp ERR! node-gyp -v v3.3.1
gyp ERR! not ok 
